<?xml version="1.0" encoding="UTF-8"?>
<testng-results skipped="0" failed="0" total="1" passed="1">
  <reporter-output>
  </reporter-output>
  <suite name="Default suite" duration-ms="17516" started-at="2022-04-12T08:57:14Z" finished-at="2022-04-12T08:57:32Z">
    <groups>
    </groups>
    <test name="Default test" duration-ms="17516" started-at="2022-04-12T08:57:14Z" finished-at="2022-04-12T08:57:32Z">
      <class name="POM.VerifyLogin">
        <test-method status="PASS" signature="TestUser()[pri:0, instance:POM.VerifyLogin@f5f2bb7]" name="TestUser" duration-ms="17492" started-at="2022-04-12T14:27:14Z" finished-at="2022-04-12T14:27:32Z">
          <reporter-output>
          </reporter-output>
        </test-method> <!-- TestUser -->
      </class> <!-- POM.VerifyLogin -->
    </test> <!-- Default test -->
  </suite> <!-- Default suite -->
</testng-results>
